2025-03-30 05:34:21,474 - __main__ - INFO - 开始创建GitHub仓库并上传代码
2025-03-30 05:34:21,548 - __main__ - INFO - 获取到GitHub用户名: Johnwei2005
2025-03-30 05:34:21,548 - __main__ - INFO - 尝试删除GitHub仓库: Johnwei2005/oil-field-gas-channeling-prediction-optimized-v3
2025-03-30 05:34:21,597 - __main__ - WARNING - GitHub仓库删除失败: 404 - {"message":"Not Found","documentation_url":"https://docs.github.com/rest/repos/repos#delete-a-repository","status":"404"}
2025-03-30 05:34:21,598 - __main__ - INFO - 开始创建GitHub仓库: oil-field-gas-channeling-prediction-optimized-v3
2025-03-30 05:34:22,409 - __main__ - INFO - GitHub仓库创建成功: oil-field-gas-channeling-prediction-optimized-v3
2025-03-30 05:34:22,409 - __main__ - INFO - 仓库URL: https://github.com/Johnwei2005/oil-field-gas-channeling-prediction-optimized-v3
2025-03-30 05:34:22,410 - __main__ - INFO - 开始设置本地Git仓库: /tmp/oil-field-gas-channeling-prediction-optimized-v3_20250330_053421
2025-03-30 05:34:22,427 - __main__ - INFO - 本地Git仓库设置成功
2025-03-30 05:34:22,427 - __main__ - INFO - 开始复制文件: /home/ubuntu/oil-field-optimization/optimized_code -> /tmp/oil-field-gas-channeling-prediction-optimized-v3_20250330_053421
2025-03-30 05:34:22,428 - __main__ - INFO - 开始复制文件: /home/ubuntu/oil-field-optimization/optimized_code/data -> /tmp/oil-field-gas-channeling-prediction-optimized-v3_20250330_053421/data
2025-03-30 05:34:22,428 - __main__ - INFO - 开始复制文件: /home/ubuntu/oil-field-optimization/optimized_code/data/raw -> /tmp/oil-field-gas-channeling-prediction-optimized-v3_20250330_053421/data/raw
2025-03-30 05:34:22,429 - __main__ - INFO - 文件复制成功
2025-03-30 05:34:22,429 - __main__ - INFO - 开始复制文件: /home/ubuntu/oil-field-optimization/optimized_code/data/processed -> /tmp/oil-field-gas-channeling-prediction-optimized-v3_20250330_053421/data/processed
2025-03-30 05:34:22,429 - __main__ - INFO - 文件复制成功
2025-03-30 05:34:22,429 - __main__ - INFO - 文件复制成功
2025-03-30 05:34:22,429 - __main__ - INFO - 开始复制文件: /home/ubuntu/oil-field-optimization/optimized_code/models -> /tmp/oil-field-gas-channeling-prediction-optimized-v3_20250330_053421/models
2025-03-30 05:34:22,429 - __main__ - INFO - 文件复制成功
2025-03-30 05:34:22,429 - __main__ - INFO - 开始复制文件: /home/ubuntu/oil-field-optimization/optimized_code/results -> /tmp/oil-field-gas-channeling-prediction-optimized-v3_20250330_053421/results
2025-03-30 05:34:22,429 - __main__ - INFO - 文件复制成功
2025-03-30 05:34:22,429 - __main__ - INFO - 开始复制文件: /home/ubuntu/oil-field-optimization/optimized_code/logs -> /tmp/oil-field-gas-channeling-prediction-optimized-v3_20250330_053421/logs
2025-03-30 05:34:22,430 - __main__ - INFO - 文件复制成功
2025-03-30 05:34:22,430 - __main__ - INFO - 开始复制文件: /home/ubuntu/oil-field-optimization/optimized_code/docs -> /tmp/oil-field-gas-channeling-prediction-optimized-v3_20250330_053421/docs
2025-03-30 05:34:22,430 - __main__ - INFO - 文件复制成功
2025-03-30 05:34:22,431 - __main__ - INFO - 开始复制文件: /home/ubuntu/oil-field-optimization/optimized_code/notebooks -> /tmp/oil-field-gas-channeling-prediction-optimized-v3_20250330_053421/notebooks
2025-03-30 05:34:22,431 - __main__ - INFO - 文件复制成功
2025-03-30 05:34:22,431 - __main__ - INFO - 开始复制文件: /home/ubuntu/oil-field-optimization/optimized_code/.vscode -> /tmp/oil-field-gas-channeling-prediction-optimized-v3_20250330_053421/.vscode
2025-03-30 05:34:22,431 - __main__ - INFO - 文件复制成功
2025-03-30 05:34:22,432 - __main__ - INFO - 文件复制成功
2025-03-30 05:34:22,432 - __main__ - INFO - 开始提交并推送代码
2025-03-30 05:34:23,109 - __main__ - INFO - 代码提交并推送成功
2025-03-30 05:34:23,109 - __main__ - INFO - GitHub仓库创建并上传代码成功: https://github.com/Johnwei2005/oil-field-gas-channeling-prediction-optimized-v3
