2025-03-30 09:00:58,932 - __main__ - INFO - 开始创建GitHub仓库并上传代码
2025-03-30 09:00:59,048 - __main__ - INFO - 获取到GitHub用户名: Johnwei2005
2025-03-30 09:00:59,048 - __main__ - INFO - 尝试删除GitHub仓库: Johnwei2005/oil-field-gas-channeling-prediction-optimized-v3
2025-03-30 09:00:59,263 - __main__ - INFO - GitHub仓库删除成功: Johnwei2005/oil-field-gas-channeling-prediction-optimized-v3
2025-03-30 09:00:59,264 - __main__ - INFO - 开始创建GitHub仓库: oil-field-gas-channeling-prediction-optimized-v3
2025-03-30 09:00:59,998 - __main__ - INFO - GitHub仓库创建成功: oil-field-gas-channeling-prediction-optimized-v3
2025-03-30 09:00:59,998 - __main__ - INFO - 仓库URL: https://github.com/Johnwei2005/oil-field-gas-channeling-prediction-optimized-v3
2025-03-30 09:00:59,999 - __main__ - INFO - 开始设置本地Git仓库: /tmp/oil-field-gas-channeling-prediction-optimized-v3_20250330_090059
2025-03-30 09:01:00,045 - __main__ - INFO - 本地Git仓库设置成功
2025-03-30 09:01:00,045 - __main__ - INFO - 开始复制文件: /home/ubuntu/oil-field-optimization/optimized_code -> /tmp/oil-field-gas-channeling-prediction-optimized-v3_20250330_090059
2025-03-30 09:01:00,048 - __main__ - INFO - 开始复制文件: /home/ubuntu/oil-field-optimization/optimized_code/data -> /tmp/oil-field-gas-channeling-prediction-optimized-v3_20250330_090059/data
2025-03-30 09:01:00,048 - __main__ - INFO - 开始复制文件: /home/ubuntu/oil-field-optimization/optimized_code/data/raw -> /tmp/oil-field-gas-channeling-prediction-optimized-v3_20250330_090059/data/raw
2025-03-30 09:01:00,049 - __main__ - INFO - 文件复制成功
2025-03-30 09:01:00,049 - __main__ - INFO - 开始复制文件: /home/ubuntu/oil-field-optimization/optimized_code/data/processed -> /tmp/oil-field-gas-channeling-prediction-optimized-v3_20250330_090059/data/processed
2025-03-30 09:01:00,049 - __main__ - INFO - 文件复制成功
2025-03-30 09:01:00,049 - __main__ - INFO - 文件复制成功
2025-03-30 09:01:00,049 - __main__ - INFO - 开始复制文件: /home/ubuntu/oil-field-optimization/optimized_code/models -> /tmp/oil-field-gas-channeling-prediction-optimized-v3_20250330_090059/models
2025-03-30 09:01:00,049 - __main__ - INFO - 文件复制成功
2025-03-30 09:01:00,049 - __main__ - INFO - 开始复制文件: /home/ubuntu/oil-field-optimization/optimized_code/results -> /tmp/oil-field-gas-channeling-prediction-optimized-v3_20250330_090059/results
2025-03-30 09:01:00,050 - __main__ - INFO - 文件复制成功
2025-03-30 09:01:00,050 - __main__ - INFO - 开始复制文件: /home/ubuntu/oil-field-optimization/optimized_code/logs -> /tmp/oil-field-gas-channeling-prediction-optimized-v3_20250330_090059/logs
2025-03-30 09:01:00,050 - __main__ - INFO - 文件复制成功
2025-03-30 09:01:00,050 - __main__ - INFO - 开始复制文件: /home/ubuntu/oil-field-optimization/optimized_code/docs -> /tmp/oil-field-gas-channeling-prediction-optimized-v3_20250330_090059/docs
2025-03-30 09:01:00,051 - __main__ - INFO - 文件复制成功
2025-03-30 09:01:00,051 - __main__ - INFO - 开始复制文件: /home/ubuntu/oil-field-optimization/optimized_code/notebooks -> /tmp/oil-field-gas-channeling-prediction-optimized-v3_20250330_090059/notebooks
2025-03-30 09:01:00,052 - __main__ - INFO - 文件复制成功
2025-03-30 09:01:00,052 - __main__ - INFO - 开始复制文件: /home/ubuntu/oil-field-optimization/optimized_code/.vscode -> /tmp/oil-field-gas-channeling-prediction-optimized-v3_20250330_090059/.vscode
2025-03-30 09:01:00,052 - __main__ - INFO - 文件复制成功
