2025-03-30 05:54:31,281 - __main__ - INFO - 开始创建GitHub仓库并上传代码
2025-03-30 05:54:31,370 - __main__ - INFO - 获取到GitHub用户名: Johnwei2005
2025-03-30 05:54:31,371 - __main__ - INFO - 尝试删除GitHub仓库: Johnwei2005/oil-field-gas-channeling-prediction-optimized-v3
2025-03-30 05:54:31,620 - __main__ - INFO - GitHub仓库删除成功: Johnwei2005/oil-field-gas-channeling-prediction-optimized-v3
2025-03-30 05:54:31,621 - __main__ - INFO - 开始创建GitHub仓库: oil-field-gas-channeling-prediction-optimized-v3
2025-03-30 05:54:32,269 - __main__ - INFO - GitHub仓库创建成功: oil-field-gas-channeling-prediction-optimized-v3
2025-03-30 05:54:32,270 - __main__ - INFO - 仓库URL: https://github.com/Johnwei2005/oil-field-gas-channeling-prediction-optimized-v3
2025-03-30 05:54:32,270 - __main__ - INFO - 开始设置本地Git仓库: /tmp/oil-field-gas-channeling-prediction-optimized-v3_20250330_055431
2025-03-30 05:54:32,297 - __main__ - INFO - 本地Git仓库设置成功
2025-03-30 05:54:32,297 - __main__ - INFO - 开始复制文件: /home/ubuntu/oil-field-optimization/optimized_code -> /tmp/oil-field-gas-channeling-prediction-optimized-v3_20250330_055431
2025-03-30 05:54:32,301 - __main__ - INFO - 开始复制文件: /home/ubuntu/oil-field-optimization/optimized_code/data -> /tmp/oil-field-gas-channeling-prediction-optimized-v3_20250330_055431/data
2025-03-30 05:54:32,301 - __main__ - INFO - 开始复制文件: /home/ubuntu/oil-field-optimization/optimized_code/data/raw -> /tmp/oil-field-gas-channeling-prediction-optimized-v3_20250330_055431/data/raw
2025-03-30 05:54:32,302 - __main__ - INFO - 文件复制成功
2025-03-30 05:54:32,302 - __main__ - INFO - 开始复制文件: /home/ubuntu/oil-field-optimization/optimized_code/data/processed -> /tmp/oil-field-gas-channeling-prediction-optimized-v3_20250330_055431/data/processed
2025-03-30 05:54:32,302 - __main__ - INFO - 文件复制成功
2025-03-30 05:54:32,302 - __main__ - INFO - 文件复制成功
2025-03-30 05:54:32,302 - __main__ - INFO - 开始复制文件: /home/ubuntu/oil-field-optimization/optimized_code/models -> /tmp/oil-field-gas-channeling-prediction-optimized-v3_20250330_055431/models
2025-03-30 05:54:32,302 - __main__ - INFO - 文件复制成功
2025-03-30 05:54:32,302 - __main__ - INFO - 开始复制文件: /home/ubuntu/oil-field-optimization/optimized_code/results -> /tmp/oil-field-gas-channeling-prediction-optimized-v3_20250330_055431/results
2025-03-30 05:54:32,302 - __main__ - INFO - 文件复制成功
2025-03-30 05:54:32,302 - __main__ - INFO - 开始复制文件: /home/ubuntu/oil-field-optimization/optimized_code/logs -> /tmp/oil-field-gas-channeling-prediction-optimized-v3_20250330_055431/logs
2025-03-30 05:54:32,303 - __main__ - INFO - 文件复制成功
2025-03-30 05:54:32,303 - __main__ - INFO - 开始复制文件: /home/ubuntu/oil-field-optimization/optimized_code/docs -> /tmp/oil-field-gas-channeling-prediction-optimized-v3_20250330_055431/docs
2025-03-30 05:54:32,304 - __main__ - INFO - 文件复制成功
2025-03-30 05:54:32,304 - __main__ - INFO - 开始复制文件: /home/ubuntu/oil-field-optimization/optimized_code/notebooks -> /tmp/oil-field-gas-channeling-prediction-optimized-v3_20250330_055431/notebooks
2025-03-30 05:54:32,305 - __main__ - INFO - 文件复制成功
2025-03-30 05:54:32,305 - __main__ - INFO - 开始复制文件: /home/ubuntu/oil-field-optimization/optimized_code/.vscode -> /tmp/oil-field-gas-channeling-prediction-optimized-v3_20250330_055431/.vscode
2025-03-30 05:54:32,305 - __main__ - INFO - 文件复制成功
2025-03-30 05:54:32,306 - __main__ - INFO - 文件复制成功
2025-03-30 05:54:32,306 - __main__ - INFO - 开始提交并推送代码
2025-03-30 05:54:32,959 - __main__ - INFO - 代码提交并推送成功
2025-03-30 05:54:32,959 - __main__ - INFO - GitHub仓库创建并上传代码成功: https://github.com/Johnwei2005/oil-field-gas-channeling-prediction-optimized-v3
