2025-03-30 11:25:25,889 - __main__ - INFO - 
================================================================================
                              CCUS CO2气窜预测系统全流程启动                               
================================================================================
2025-03-30 11:25:25,889 - __main__ - INFO - 选择的模型类型: gaussian_process
2025-03-30 11:25:25,889 - __main__ - INFO - 跳过的步骤: 无
2025-03-30 11:25:25,890 - __main__ - INFO - 确保目录存在: /home/ubuntu/workspace/oil-field-gas-channeling-prediction-optimized-v3/data
2025-03-30 11:25:25,890 - __main__ - INFO - 确保目录存在: /home/ubuntu/workspace/oil-field-gas-channeling-prediction-optimized-v3/data/raw
2025-03-30 11:25:25,890 - __main__ - INFO - 确保目录存在: /home/ubuntu/workspace/oil-field-gas-channeling-prediction-optimized-v3/data/processed
2025-03-30 11:25:25,890 - __main__ - INFO - 确保目录存在: /home/ubuntu/workspace/oil-field-gas-channeling-prediction-optimized-v3/models
2025-03-30 11:25:25,890 - __main__ - INFO - 确保目录存在: /home/ubuntu/workspace/oil-field-gas-channeling-prediction-optimized-v3/results
2025-03-30 11:25:25,890 - __main__ - INFO - 确保目录存在: /home/ubuntu/workspace/oil-field-gas-channeling-prediction-optimized-v3/logs
2025-03-30 11:25:25,890 - __main__ - INFO - 确保目录存在: /home/ubuntu/workspace/oil-field-gas-channeling-prediction-optimized-v3/docs
2025-03-30 11:25:25,890 - __main__ - INFO - 确保目录存在: /home/ubuntu/workspace/oil-field-gas-channeling-prediction-optimized-v3/notebooks
2025-03-30 11:25:25,890 - __main__ - INFO - 
================================================================================
                                      数据处理                                      
================================================================================
2025-03-30 11:25:26,454 - __main__ - INFO - 开始数据处理...
2025-03-30 11:25:26,454 - data_processor - INFO - 尝试使用 gbk 编码加载数据: /home/ubuntu/workspace/oil-field-gas-channeling-prediction-optimized-v3/data/raw/CO2气窜原始表.csv
2025-03-30 11:25:26,458 - data_processor - INFO - 成功使用 gbk 编码加载数据
2025-03-30 11:25:26,458 - data_processor - INFO - 开始预处理数据
2025-03-30 11:25:26,461 - data_processor - WARNING - 列 地层温度℃ 中发现 2 个异常值
2025-03-30 11:25:26,463 - data_processor - INFO - 已将列 地层温度℃ 中的异常值限制在边界内
2025-03-30 11:25:26,466 - data_processor - WARNING - 列 注气前地层压力mpa 中发现 1 个异常值
2025-03-30 11:25:26,467 - data_processor - INFO - 已将列 注气前地层压力mpa 中的异常值限制在边界内
2025-03-30 11:25:26,471 - data_processor - WARNING - 列 渗透率md 中发现 6 个异常值
2025-03-30 11:25:26,472 - data_processor - INFO - 已将列 渗透率md 中的异常值限制在边界内
2025-03-30 11:25:26,474 - data_processor - WARNING - 列 地层原油粘度mpas 中发现 11 个异常值
2025-03-30 11:25:26,475 - data_processor - INFO - 已将列 地层原油粘度mpas 中的异常值限制在边界内
2025-03-30 11:25:26,477 - data_processor - WARNING - 列 地层原油密度g/cm3 中发现 4 个异常值
2025-03-30 11:25:26,478 - data_processor - INFO - 已将列 地层原油密度g/cm3 中的异常值限制在边界内
2025-03-30 11:25:26,480 - data_processor - WARNING - 列 井组有效厚度m 中发现 6 个异常值
2025-03-30 11:25:26,481 - data_processor - INFO - 已将列 井组有效厚度m 中的异常值限制在边界内
2025-03-30 11:25:26,483 - data_processor - WARNING - 列 井距m 中发现 4 个异常值
2025-03-30 11:25:26,484 - data_processor - INFO - 已将列 井距m 中的异常值限制在边界内
2025-03-30 11:25:26,486 - data_processor - WARNING - 列 孔隙度/% 中发现 3 个异常值
2025-03-30 11:25:26,487 - data_processor - INFO - 已将列 孔隙度/% 中的异常值限制在边界内
2025-03-30 11:25:26,489 - data_processor - WARNING - 列 注入前含油饱和度/% 中发现 1 个异常值
2025-03-30 11:25:26,490 - data_processor - INFO - 已将列 注入前含油饱和度/% 中的异常值限制在边界内
2025-03-30 11:25:26,492 - data_processor - WARNING - 列 pv数 中发现 3 个异常值
2025-03-30 11:25:26,493 - data_processor - INFO - 已将列 pv数 中的异常值限制在边界内
2025-03-30 11:25:26,494 - data_processor - INFO - 已将'注气井压裂'列转换为数值: 是=1, 否=0
2025-03-30 11:25:26,495 - data_processor - INFO - 已将列名从中文转换为英文
2025-03-30 11:25:26,498 - data_processor - INFO - 预处理后的数据已保存到 /home/ubuntu/workspace/oil-field-gas-channeling-prediction-optimized-v3/data/processed/processed_data.csv
2025-03-30 11:25:26,498 - __main__ - INFO - 数据处理完成，耗时 0.04 秒
2025-03-30 11:25:26,498 - __main__ - INFO - 处理后的数据形状: (70, 14)
2025-03-30 11:25:26,498 - __main__ - INFO - 
================================================================================
                            模型训练 (gaussian_process)                             
================================================================================
2025-03-30 11:25:26,714 - __main__ - INFO - 开始训练 gaussian_process 模型...
2025-03-30 11:25:26,714 - main - INFO - 开始训练 gaussian_process 模型
2025-03-30 11:25:26,714 - data_processor - INFO - 尝试使用 gbk 编码加载数据: /home/ubuntu/workspace/oil-field-gas-channeling-prediction-optimized-v3/data/raw/CO2气窜原始表.csv
2025-03-30 11:25:26,717 - data_processor - INFO - 成功使用 gbk 编码加载数据
2025-03-30 11:25:26,717 - data_processor - INFO - 开始预处理数据
2025-03-30 11:25:26,720 - data_processor - WARNING - 列 地层温度℃ 中发现 2 个异常值
2025-03-30 11:25:26,721 - data_processor - INFO - 已将列 地层温度℃ 中的异常值限制在边界内
2025-03-30 11:25:26,725 - data_processor - WARNING - 列 注气前地层压力mpa 中发现 1 个异常值
2025-03-30 11:25:26,726 - data_processor - INFO - 已将列 注气前地层压力mpa 中的异常值限制在边界内
2025-03-30 11:25:26,729 - data_processor - WARNING - 列 渗透率md 中发现 6 个异常值
2025-03-30 11:25:26,730 - data_processor - INFO - 已将列 渗透率md 中的异常值限制在边界内
2025-03-30 11:25:26,732 - data_processor - WARNING - 列 地层原油粘度mpas 中发现 11 个异常值
2025-03-30 11:25:26,734 - data_processor - INFO - 已将列 地层原油粘度mpas 中的异常值限制在边界内
2025-03-30 11:25:26,735 - data_processor - WARNING - 列 地层原油密度g/cm3 中发现 4 个异常值
2025-03-30 11:25:26,737 - data_processor - INFO - 已将列 地层原油密度g/cm3 中的异常值限制在边界内
2025-03-30 11:25:26,738 - data_processor - WARNING - 列 井组有效厚度m 中发现 6 个异常值
2025-03-30 11:25:26,740 - data_processor - INFO - 已将列 井组有效厚度m 中的异常值限制在边界内
2025-03-30 11:25:26,741 - data_processor - WARNING - 列 井距m 中发现 4 个异常值
2025-03-30 11:25:26,743 - data_processor - INFO - 已将列 井距m 中的异常值限制在边界内
2025-03-30 11:25:26,744 - data_processor - WARNING - 列 孔隙度/% 中发现 3 个异常值
2025-03-30 11:25:26,746 - data_processor - INFO - 已将列 孔隙度/% 中的异常值限制在边界内
2025-03-30 11:25:26,747 - data_processor - WARNING - 列 注入前含油饱和度/% 中发现 1 个异常值
2025-03-30 11:25:26,749 - data_processor - INFO - 已将列 注入前含油饱和度/% 中的异常值限制在边界内
2025-03-30 11:25:26,750 - data_processor - WARNING - 列 pv数 中发现 3 个异常值
2025-03-30 11:25:26,752 - data_processor - INFO - 已将列 pv数 中的异常值限制在边界内
2025-03-30 11:25:26,752 - data_processor - INFO - 已将'注气井压裂'列转换为数值: 是=1, 否=0
2025-03-30 11:25:26,753 - data_processor - INFO - 已将列名从中文转换为英文
2025-03-30 11:25:26,753 - enhanced_features_optimized - WARNING - 缺少创建物理特征所需的列: ['temperature']
2025-03-30 11:25:26,754 - enhanced_features_optimized - INFO - 使用formation_temperature列替代temperature列
2025-03-30 11:25:26,755 - enhanced_features_optimized - INFO - 将列 block 转换为数值类型
2025-03-30 11:25:26,765 - enhanced_features_optimized - WARNING - 在填充均值后仍然存在NaN值，使用0填充
2025-03-30 11:25:26,770 - enhanced_features_optimized - INFO - 创建了12个物理约束特征
2025-03-30 11:25:27,035 - enhanced_features_optimized - INFO - 选择了10个特征: ['formation_temperature', 'oil_viscosity', 'temperature', 'perm_viscosity_ratio', 'pressure_level', 'mobility_ratio', 'oil_density', 'gravity_number', 'effective_thickness', 'oil_saturation']
2025-03-30 11:25:27,785 - main - INFO - 模型训练完成，性能指标:
2025-03-30 11:25:27,786 - main - INFO - R²: -2.1149
2025-03-30 11:25:27,786 - main - INFO - RMSE: 0.2828
2025-03-30 11:25:27,786 - main - INFO - MAE: 0.2339
2025-03-30 11:25:27,789 - residual_model_optimized - INFO - 模型已保存到 /home/ubuntu/workspace/oil-field-gas-channeling-prediction-optimized-v3/models/gaussian_process_model.pkl
2025-03-30 11:25:27,789 - main - INFO - 模型已保存到 /home/ubuntu/workspace/oil-field-gas-channeling-prediction-optimized-v3/models/gaussian_process_model.pkl
2025-03-30 11:25:27,789 - __main__ - INFO - 模型训练完成，耗时 1.08 秒
2025-03-30 11:25:27,790 - __main__ - INFO - 
================================================================================
                            模型评估 (gaussian_process)                             
================================================================================
2025-03-30 11:25:27,790 - __main__ - INFO - 开始模型评估...
2025-03-30 11:25:27,790 - data_processor - INFO - 尝试使用 gbk 编码加载数据: /home/ubuntu/workspace/oil-field-gas-channeling-prediction-optimized-v3/data/raw/CO2气窜原始表.csv
2025-03-30 11:25:27,792 - data_processor - INFO - 成功使用 gbk 编码加载数据
2025-03-30 11:25:27,792 - data_processor - INFO - 开始预处理数据
2025-03-30 11:25:27,794 - data_processor - WARNING - 列 地层温度℃ 中发现 2 个异常值
2025-03-30 11:25:27,796 - data_processor - INFO - 已将列 地层温度℃ 中的异常值限制在边界内
2025-03-30 11:25:27,799 - data_processor - WARNING - 列 注气前地层压力mpa 中发现 1 个异常值
2025-03-30 11:25:27,800 - data_processor - INFO - 已将列 注气前地层压力mpa 中的异常值限制在边界内
2025-03-30 11:25:27,804 - data_processor - WARNING - 列 渗透率md 中发现 6 个异常值
2025-03-30 11:25:27,805 - data_processor - INFO - 已将列 渗透率md 中的异常值限制在边界内
2025-03-30 11:25:27,807 - data_processor - WARNING - 列 地层原油粘度mpas 中发现 11 个异常值
2025-03-30 11:25:27,808 - data_processor - INFO - 已将列 地层原油粘度mpas 中的异常值限制在边界内
2025-03-30 11:25:27,810 - data_processor - WARNING - 列 地层原油密度g/cm3 中发现 4 个异常值
2025-03-30 11:25:27,811 - data_processor - INFO - 已将列 地层原油密度g/cm3 中的异常值限制在边界内
2025-03-30 11:25:27,813 - data_processor - WARNING - 列 井组有效厚度m 中发现 6 个异常值
2025-03-30 11:25:27,814 - data_processor - INFO - 已将列 井组有效厚度m 中的异常值限制在边界内
2025-03-30 11:25:27,816 - data_processor - WARNING - 列 井距m 中发现 4 个异常值
2025-03-30 11:25:27,818 - data_processor - INFO - 已将列 井距m 中的异常值限制在边界内
2025-03-30 11:25:27,819 - data_processor - WARNING - 列 孔隙度/% 中发现 3 个异常值
2025-03-30 11:25:27,821 - data_processor - INFO - 已将列 孔隙度/% 中的异常值限制在边界内
2025-03-30 11:25:27,823 - data_processor - WARNING - 列 注入前含油饱和度/% 中发现 1 个异常值
2025-03-30 11:25:27,824 - data_processor - INFO - 已将列 注入前含油饱和度/% 中的异常值限制在边界内
2025-03-30 11:25:27,826 - data_processor - WARNING - 列 pv数 中发现 3 个异常值
2025-03-30 11:25:27,827 - data_processor - INFO - 已将列 pv数 中的异常值限制在边界内
2025-03-30 11:25:27,828 - data_processor - INFO - 已将'注气井压裂'列转换为数值: 是=1, 否=0
2025-03-30 11:25:27,829 - data_processor - INFO - 已将列名从中文转换为英文
2025-03-30 11:25:27,829 - enhanced_features_optimized - WARNING - 缺少创建物理特征所需的列: ['temperature']
2025-03-30 11:25:27,829 - enhanced_features_optimized - INFO - 使用formation_temperature列替代temperature列
2025-03-30 11:25:27,830 - enhanced_features_optimized - INFO - 将列 block 转换为数值类型
2025-03-30 11:25:27,840 - enhanced_features_optimized - WARNING - 在填充均值后仍然存在NaN值，使用0填充
2025-03-30 11:25:27,845 - enhanced_features_optimized - INFO - 创建了12个物理约束特征
2025-03-30 11:25:27,850 - __main__ - INFO - 模型评估结果:
2025-03-30 11:25:27,850 - __main__ - INFO - R²: -2.1149
2025-03-30 11:25:27,851 - __main__ - INFO - RMSE: 0.2828
2025-03-30 11:25:27,851 - __main__ - INFO - MAE: 0.2339
2025-03-30 11:25:28,569 - __main__ - INFO - 预测图已保存到 /home/ubuntu/workspace/oil-field-gas-channeling-prediction-optimized-v3/results/gaussian_process_predictions.png
2025-03-30 11:25:28,571 - __main__ - INFO - 预测结果已保存到 /home/ubuntu/workspace/oil-field-gas-channeling-prediction-optimized-v3/results/gaussian_process_results.csv
2025-03-30 11:25:28,571 - __main__ - INFO - 模型评估完成，耗时 0.78 秒
2025-03-30 11:25:28,571 - __main__ - INFO - 
================================================================================
                            模型微调 (gaussian_process)                             
================================================================================
2025-03-30 11:25:28,574 - __main__ - INFO - 开始微调 gaussian_process 模型...
2025-03-30 11:25:28,574 - __main__ - ERROR - 模型微调失败: fine_tune_model() missing 2 required positional arguments: 'X' and 'y'
2025-03-30 11:25:28,574 - __main__ - WARNING - 模型微调失败，继续流程
2025-03-30 11:25:28,575 - __main__ - INFO - 
================================================================================
                                     全流程完成                                      
================================================================================
2025-03-30 11:25:28,575 - __main__ - INFO - 日志已保存到: /home/ubuntu/workspace/oil-field-gas-channeling-prediction-optimized-v3/logs/run_all_20250330_112525.log
2025-03-30 11:25:28,575 - __main__ - INFO - 可以通过以下命令查看结果:
2025-03-30 11:25:28,575 - __main__ - INFO - 1. 查看训练好的模型: ls -la models/
2025-03-30 11:25:28,575 - __main__ - INFO - 2. 查看评估结果: ls -la results/
2025-03-30 11:25:28,575 - __main__ - INFO - 3. 查看处理后的数据: ls -la data/processed/
