2025-03-30 11:20:59,666 - __main__ - INFO - 
================================================================================
                              CCUS CO2气窜预测系统全流程启动                               
================================================================================
2025-03-30 11:20:59,666 - __main__ - INFO - 选择的模型类型: gaussian_process
2025-03-30 11:20:59,666 - __main__ - INFO - 跳过的步骤: 无
2025-03-30 11:20:59,667 - __main__ - INFO - 确保目录存在: /home/ubuntu/workspace/oil-field-gas-channeling-prediction-optimized-v3/data
2025-03-30 11:20:59,667 - __main__ - INFO - 确保目录存在: /home/ubuntu/workspace/oil-field-gas-channeling-prediction-optimized-v3/data/raw
2025-03-30 11:20:59,667 - __main__ - INFO - 确保目录存在: /home/ubuntu/workspace/oil-field-gas-channeling-prediction-optimized-v3/data/processed
2025-03-30 11:20:59,667 - __main__ - INFO - 确保目录存在: /home/ubuntu/workspace/oil-field-gas-channeling-prediction-optimized-v3/models
2025-03-30 11:20:59,667 - __main__ - INFO - 确保目录存在: /home/ubuntu/workspace/oil-field-gas-channeling-prediction-optimized-v3/results
2025-03-30 11:20:59,667 - __main__ - INFO - 确保目录存在: /home/ubuntu/workspace/oil-field-gas-channeling-prediction-optimized-v3/logs
2025-03-30 11:20:59,667 - __main__ - INFO - 确保目录存在: /home/ubuntu/workspace/oil-field-gas-channeling-prediction-optimized-v3/docs
2025-03-30 11:20:59,667 - __main__ - INFO - 确保目录存在: /home/ubuntu/workspace/oil-field-gas-channeling-prediction-optimized-v3/notebooks
2025-03-30 11:20:59,667 - __main__ - INFO - 
================================================================================
                                      数据处理                                      
================================================================================
2025-03-30 11:21:00,346 - __main__ - INFO - 开始数据处理...
2025-03-30 11:21:00,346 - data_processor - INFO - 尝试使用 gbk 编码加载数据: /home/ubuntu/workspace/oil-field-gas-channeling-prediction-optimized-v3/data/raw/CO2气窜原始表.csv
2025-03-30 11:21:00,351 - data_processor - INFO - 成功使用 gbk 编码加载数据
2025-03-30 11:21:00,351 - data_processor - INFO - 开始预处理数据
2025-03-30 11:21:00,356 - data_processor - WARNING - 列 地层温度℃ 中发现 2 个异常值
2025-03-30 11:21:00,357 - data_processor - INFO - 已将列 地层温度℃ 中的异常值限制在边界内
2025-03-30 11:21:00,361 - data_processor - WARNING - 列 注气前地层压力mpa 中发现 1 个异常值
2025-03-30 11:21:00,363 - data_processor - INFO - 已将列 注气前地层压力mpa 中的异常值限制在边界内
2025-03-30 11:21:00,366 - data_processor - WARNING - 列 渗透率md 中发现 6 个异常值
2025-03-30 11:21:00,368 - data_processor - INFO - 已将列 渗透率md 中的异常值限制在边界内
2025-03-30 11:21:00,370 - data_processor - WARNING - 列 地层原油粘度mpas 中发现 11 个异常值
2025-03-30 11:21:00,371 - data_processor - INFO - 已将列 地层原油粘度mpas 中的异常值限制在边界内
2025-03-30 11:21:00,373 - data_processor - WARNING - 列 地层原油密度g/cm3 中发现 4 个异常值
2025-03-30 11:21:00,374 - data_processor - INFO - 已将列 地层原油密度g/cm3 中的异常值限制在边界内
2025-03-30 11:21:00,376 - data_processor - WARNING - 列 井组有效厚度m 中发现 6 个异常值
2025-03-30 11:21:00,377 - data_processor - INFO - 已将列 井组有效厚度m 中的异常值限制在边界内
2025-03-30 11:21:00,379 - data_processor - WARNING - 列 井距m 中发现 4 个异常值
2025-03-30 11:21:00,381 - data_processor - INFO - 已将列 井距m 中的异常值限制在边界内
2025-03-30 11:21:00,383 - data_processor - WARNING - 列 孔隙度/% 中发现 3 个异常值
2025-03-30 11:21:00,385 - data_processor - INFO - 已将列 孔隙度/% 中的异常值限制在边界内
2025-03-30 11:21:00,387 - data_processor - WARNING - 列 注入前含油饱和度/% 中发现 1 个异常值
2025-03-30 11:21:00,388 - data_processor - INFO - 已将列 注入前含油饱和度/% 中的异常值限制在边界内
2025-03-30 11:21:00,390 - data_processor - WARNING - 列 pv数 中发现 3 个异常值
2025-03-30 11:21:00,391 - data_processor - INFO - 已将列 pv数 中的异常值限制在边界内
2025-03-30 11:21:00,392 - data_processor - INFO - 已将'注气井压裂'列转换为数值: 是=1, 否=0
2025-03-30 11:21:00,393 - data_processor - INFO - 已将列名从中文转换为英文
2025-03-30 11:21:00,396 - data_processor - INFO - 预处理后的数据已保存到 /home/ubuntu/workspace/oil-field-gas-channeling-prediction-optimized-v3/data/processed/processed_data.csv
2025-03-30 11:21:00,397 - __main__ - INFO - 数据处理完成，耗时 0.05 秒
2025-03-30 11:21:00,397 - __main__ - INFO - 处理后的数据形状: (70, 14)
2025-03-30 11:21:00,397 - __main__ - INFO - 
================================================================================
                            模型训练 (gaussian_process)                             
================================================================================
2025-03-30 11:21:00,676 - __main__ - INFO - 开始训练 gaussian_process 模型...
2025-03-30 11:21:00,676 - main - INFO - 开始训练 gaussian_process 模型
2025-03-30 11:21:00,676 - data_processor - INFO - 尝试使用 gbk 编码加载数据: /home/ubuntu/workspace/oil-field-gas-channeling-prediction-optimized-v3/data/raw/CO2气窜原始表.csv
2025-03-30 11:21:00,680 - data_processor - INFO - 成功使用 gbk 编码加载数据
2025-03-30 11:21:00,681 - data_processor - INFO - 开始预处理数据
2025-03-30 11:21:00,684 - data_processor - WARNING - 列 地层温度℃ 中发现 2 个异常值
2025-03-30 11:21:00,686 - data_processor - INFO - 已将列 地层温度℃ 中的异常值限制在边界内
2025-03-30 11:21:00,691 - data_processor - WARNING - 列 注气前地层压力mpa 中发现 1 个异常值
2025-03-30 11:21:00,693 - data_processor - INFO - 已将列 注气前地层压力mpa 中的异常值限制在边界内
2025-03-30 11:21:00,698 - data_processor - WARNING - 列 渗透率md 中发现 6 个异常值
2025-03-30 11:21:00,700 - data_processor - INFO - 已将列 渗透率md 中的异常值限制在边界内
2025-03-30 11:21:00,702 - data_processor - WARNING - 列 地层原油粘度mpas 中发现 11 个异常值
2025-03-30 11:21:00,704 - data_processor - INFO - 已将列 地层原油粘度mpas 中的异常值限制在边界内
2025-03-30 11:21:00,707 - data_processor - WARNING - 列 地层原油密度g/cm3 中发现 4 个异常值
2025-03-30 11:21:00,709 - data_processor - INFO - 已将列 地层原油密度g/cm3 中的异常值限制在边界内
2025-03-30 11:21:00,711 - data_processor - WARNING - 列 井组有效厚度m 中发现 6 个异常值
2025-03-30 11:21:00,713 - data_processor - INFO - 已将列 井组有效厚度m 中的异常值限制在边界内
2025-03-30 11:21:00,716 - data_processor - WARNING - 列 井距m 中发现 4 个异常值
2025-03-30 11:21:00,718 - data_processor - INFO - 已将列 井距m 中的异常值限制在边界内
2025-03-30 11:21:00,721 - data_processor - WARNING - 列 孔隙度/% 中发现 3 个异常值
2025-03-30 11:21:00,722 - data_processor - INFO - 已将列 孔隙度/% 中的异常值限制在边界内
2025-03-30 11:21:00,725 - data_processor - WARNING - 列 注入前含油饱和度/% 中发现 1 个异常值
2025-03-30 11:21:00,727 - data_processor - INFO - 已将列 注入前含油饱和度/% 中的异常值限制在边界内
2025-03-30 11:21:00,730 - data_processor - WARNING - 列 pv数 中发现 3 个异常值
2025-03-30 11:21:00,732 - data_processor - INFO - 已将列 pv数 中的异常值限制在边界内
2025-03-30 11:21:00,733 - data_processor - INFO - 已将'注气井压裂'列转换为数值: 是=1, 否=0
2025-03-30 11:21:00,734 - data_processor - INFO - 已将列名从中文转换为英文
2025-03-30 11:21:00,734 - enhanced_features_optimized - WARNING - 缺少创建物理特征所需的列: ['temperature']
2025-03-30 11:21:00,735 - enhanced_features_optimized - INFO - 使用formation_temperature列替代temperature列
2025-03-30 11:21:00,737 - enhanced_features_optimized - INFO - 将列 block 转换为数值类型
2025-03-30 11:21:00,749 - enhanced_features_optimized - WARNING - 在填充均值后仍然存在NaN值，使用0填充
2025-03-30 11:21:00,755 - enhanced_features_optimized - INFO - 创建了12个物理约束特征
2025-03-30 11:21:01,053 - enhanced_features_optimized - INFO - 选择了10个特征: ['formation_temperature', 'oil_viscosity', 'temperature', 'perm_viscosity_ratio', 'mobility_ratio', 'pressure_level', 'oil_density', 'gravity_number', 'oil_saturation', 'fingering_index']
2025-03-30 11:21:01,504 - main - INFO - 模型训练完成，性能指标:
2025-03-30 11:21:01,505 - main - INFO - R²: -46229.8789
2025-03-30 11:21:01,505 - main - INFO - RMSE: 34.4523
2025-03-30 11:21:01,505 - main - INFO - MAE: 29.0981
2025-03-30 11:21:01,510 - residual_model_optimized - INFO - 模型已保存到 /home/ubuntu/workspace/oil-field-gas-channeling-prediction-optimized-v3/models/gaussian_process_model.pkl
2025-03-30 11:21:01,510 - main - INFO - 模型已保存到 /home/ubuntu/workspace/oil-field-gas-channeling-prediction-optimized-v3/models/gaussian_process_model.pkl
2025-03-30 11:21:01,511 - __main__ - INFO - 模型训练完成，耗时 0.83 秒
2025-03-30 11:21:01,511 - __main__ - INFO - 
================================================================================
                            模型评估 (gaussian_process)                             
================================================================================
2025-03-30 11:21:01,511 - __main__ - INFO - 开始模型评估...
2025-03-30 11:21:01,511 - data_processor - INFO - 尝试使用 gbk 编码加载数据: /home/ubuntu/workspace/oil-field-gas-channeling-prediction-optimized-v3/data/raw/CO2气窜原始表.csv
2025-03-30 11:21:01,515 - data_processor - INFO - 成功使用 gbk 编码加载数据
2025-03-30 11:21:01,515 - data_processor - INFO - 开始预处理数据
2025-03-30 11:21:01,518 - data_processor - WARNING - 列 地层温度℃ 中发现 2 个异常值
2025-03-30 11:21:01,519 - data_processor - INFO - 已将列 地层温度℃ 中的异常值限制在边界内
2025-03-30 11:21:01,523 - data_processor - WARNING - 列 注气前地层压力mpa 中发现 1 个异常值
2025-03-30 11:21:01,524 - data_processor - INFO - 已将列 注气前地层压力mpa 中的异常值限制在边界内
2025-03-30 11:21:01,528 - data_processor - WARNING - 列 渗透率md 中发现 6 个异常值
2025-03-30 11:21:01,530 - data_processor - INFO - 已将列 渗透率md 中的异常值限制在边界内
2025-03-30 11:21:01,531 - data_processor - WARNING - 列 地层原油粘度mpas 中发现 11 个异常值
2025-03-30 11:21:01,533 - data_processor - INFO - 已将列 地层原油粘度mpas 中的异常值限制在边界内
2025-03-30 11:21:01,535 - data_processor - WARNING - 列 地层原油密度g/cm3 中发现 4 个异常值
2025-03-30 11:21:01,536 - data_processor - INFO - 已将列 地层原油密度g/cm3 中的异常值限制在边界内
2025-03-30 11:21:01,538 - data_processor - WARNING - 列 井组有效厚度m 中发现 6 个异常值
2025-03-30 11:21:01,539 - data_processor - INFO - 已将列 井组有效厚度m 中的异常值限制在边界内
2025-03-30 11:21:01,541 - data_processor - WARNING - 列 井距m 中发现 4 个异常值
2025-03-30 11:21:01,543 - data_processor - INFO - 已将列 井距m 中的异常值限制在边界内
2025-03-30 11:21:01,545 - data_processor - WARNING - 列 孔隙度/% 中发现 3 个异常值
2025-03-30 11:21:01,547 - data_processor - INFO - 已将列 孔隙度/% 中的异常值限制在边界内
2025-03-30 11:21:01,548 - data_processor - WARNING - 列 注入前含油饱和度/% 中发现 1 个异常值
2025-03-30 11:21:01,550 - data_processor - INFO - 已将列 注入前含油饱和度/% 中的异常值限制在边界内
2025-03-30 11:21:01,552 - data_processor - WARNING - 列 pv数 中发现 3 个异常值
2025-03-30 11:21:01,553 - data_processor - INFO - 已将列 pv数 中的异常值限制在边界内
2025-03-30 11:21:01,554 - data_processor - INFO - 已将'注气井压裂'列转换为数值: 是=1, 否=0
2025-03-30 11:21:01,555 - data_processor - INFO - 已将列名从中文转换为英文
2025-03-30 11:21:01,555 - enhanced_features_optimized - WARNING - 缺少创建物理特征所需的列: ['temperature']
2025-03-30 11:21:01,556 - enhanced_features_optimized - INFO - 使用formation_temperature列替代temperature列
2025-03-30 11:21:01,557 - enhanced_features_optimized - INFO - 将列 block 转换为数值类型
2025-03-30 11:21:01,567 - enhanced_features_optimized - WARNING - 在填充均值后仍然存在NaN值，使用0填充
2025-03-30 11:21:01,573 - enhanced_features_optimized - INFO - 创建了12个物理约束特征
2025-03-30 11:21:01,580 - __main__ - INFO - 模型评估结果:
2025-03-30 11:21:01,580 - __main__ - INFO - R²: -46229.8789
2025-03-30 11:21:01,580 - __main__ - INFO - RMSE: 34.4523
2025-03-30 11:21:01,581 - __main__ - INFO - MAE: 29.0981
2025-03-30 11:21:02,478 - __main__ - INFO - 预测图已保存到 /home/ubuntu/workspace/oil-field-gas-channeling-prediction-optimized-v3/results/gaussian_process_predictions.png
2025-03-30 11:21:02,481 - __main__ - INFO - 预测结果已保存到 /home/ubuntu/workspace/oil-field-gas-channeling-prediction-optimized-v3/results/gaussian_process_results.csv
2025-03-30 11:21:02,481 - __main__ - INFO - 模型评估完成，耗时 0.97 秒
2025-03-30 11:21:02,481 - __main__ - INFO - 
================================================================================
                            模型微调 (gaussian_process)                             
================================================================================
2025-03-30 11:21:02,489 - __main__ - ERROR - 模型微调失败: cannot import name 'fine_tune_model' from 'model_fine_tune' (/home/ubuntu/workspace/oil-field-gas-channeling-prediction-optimized-v3/model_fine_tune.py)
2025-03-30 11:21:02,489 - __main__ - WARNING - 模型微调失败，继续流程
2025-03-30 11:21:02,489 - __main__ - INFO - 
================================================================================
                                     全流程完成                                      
================================================================================
2025-03-30 11:21:02,489 - __main__ - INFO - 日志已保存到: /home/ubuntu/workspace/oil-field-gas-channeling-prediction-optimized-v3/logs/run_all_20250330_112059.log
2025-03-30 11:21:02,490 - __main__ - INFO - 可以通过以下命令查看结果:
2025-03-30 11:21:02,490 - __main__ - INFO - 1. 查看训练好的模型: ls -la models/
2025-03-30 11:21:02,490 - __main__ - INFO - 2. 查看评估结果: ls -la results/
2025-03-30 11:21:02,490 - __main__ - INFO - 3. 查看处理后的数据: ls -la data/processed/
